<?xml version="1.0" encoding="UTF-8"?>
<testsuite xmlns:xsi="http://www.w3.org/2001/XMLSchema-instance" xsi:noNamespaceSchemaLocation="https://maven.apache.org/surefire/maven-surefire-plugin/xsd/surefire-test-report-3.0.xsd" version="3.0" name="com.luxeway.backend.BackendApplicationTests" time="11.085" tests="1" errors="0" skipped="0" failures="0">
  <properties>
[...]
</properties>
  <testcase name="contextLoads" classname="com.luxeway.backend.BackendApplicationTests" time="0.707">
    <system-out><![CDATA[18:02:52.322 [main] INFO org.springframework.test.context.support.AnnotationConfigContextLoaderUtils -- Could not detect default configuration classes for test class [com.luxeway.backend.BackendApplicationTests]: BackendApplicationTests does not declare any static, non-private, non-final, nested classes annotated with @Configuration.
18:02:52.425 [main] INFO org.springframework.boot.test.context.SpringBootTestContextBootstrapper -- Found @SpringBootConfiguration com.luxeway.backend.BackendApplication for test class com.luxeway.backend.BackendApplicationTests

  .   ____          _            __ _ _
 /\\ / ___'_ __ _ _(_)_ __  __ _ \ \ \ \
( ( )\___ | '_ | '_| | '_ \/ _` | \ \ \ \
 \\/  ___)| |_)| | | | | || (_| |  ) ) ) )
  '  |____| .__|_| |_|_| |_\__, | / / / /
 =========|_|==============|___/=/_/_/_/

 :: Spring Boot ::                (v3.3.4)

2026-05-31T18:02:52.793+07:00  INFO 21952 --- [backend] [           main] c.l.backend.BackendApplicationTests      : Starting BackendApplicationTests using Java 21.0.11 with PID 21952 (started by quang in E:\GiaoTrinhFpt\SWP\swp391-su26-ai-audit-project-swp391_se20a02_group-02\src\Back_end)
2026-05-31T18:02:52.795+07:00  INFO 21952 --- [backend] [           main] c.l.backend.BackendApplicationTests      : No active profile set, falling back to 1 default profile: "default"
2026-05-31T18:02:52.796+07:00 DEBUG 21952 --- [backend] [           main] o.s.boot.SpringApplication               : Loading source class com.luxeway.backend.BackendApplication
2026-05-31T18:02:52.821+07:00 DEBUG 21952 --- [backend] [           main] o.s.w.c.s.GenericWebApplicationContext   : Refreshing org.springframework.web.context.support.GenericWebApplicationContext@72bca894
2026-05-31T18:02:53.490+07:00  INFO 21952 --- [backend] [           main] .s.d.r.c.RepositoryConfigurationDelegate : Bootstrapping Spring Data JPA repositories in DEFAULT mode.
2026-05-31T18:02:53.509+07:00 DEBUG 21952 --- [backend] [           main] o.s.b.a.AutoConfigurationPackages        : @EnableAutoConfiguration was declared on a class in the package 'com.luxeway.backend'. Automatic @Repository and @Entity scanning is enabled.
2026-05-31T18:02:53.594+07:00  INFO 21952 --- [backend] [           main] .s.d.r.c.RepositoryConfigurationDelegate : Finished Spring Data repository scanning in 97 ms. Found 13 JPA repository interfaces.
2026-05-31T18:02:54.220+07:00  INFO 21952 --- [backend] [           main] o.hibernate.jpa.internal.util.LogHelper  : HHH000204: Processing PersistenceUnitInfo [name: default]
2026-05-31T18:02:54.341+07:00  INFO 21952 --- [backend] [           main] org.hibernate.Version                    : HHH000412: Hibernate ORM core version 6.5.3.Final
2026-05-31T18:02:54.401+07:00  INFO 21952 --- [backend] [           main] o.h.c.internal.RegionFactoryInitiator    : HHH000026: Second-level cache disabled
2026-05-31T18:02:54.837+07:00  INFO 21952 --- [backend] [           main] o.s.o.j.p.SpringPersistenceUnitInfo      : No LoadTimeWeaver setup: ignoring JPA class transformer
2026-05-31T18:02:54.862+07:00  INFO 21952 --- [backend] [           main] com.zaxxer.hikari.HikariDataSource       : HikariPool-1 - Starting...
2026-05-31T18:02:55.222+07:00  INFO 21952 --- [backend] [           main] com.zaxxer.hikari.pool.HikariPool        : HikariPool-1 - Added connection conn0: url=jdbc:h2:mem:luxewaydb user=SA
2026-05-31T18:02:55.223+07:00  INFO 21952 --- [backend] [           main] com.zaxxer.hikari.HikariDataSource       : HikariPool-1 - Start completed.
2026-05-31T18:02:55.251+07:00  WARN 21952 --- [backend] [           main] org.hibernate.orm.deprecation            : HHH90000025: H2Dialect does not need to be specified explicitly using 'hibernate.dialect' (remove the property setting and it will be selected by default)
2026-05-31T18:02:56.338+07:00  INFO 21952 --- [backend] [           main] o.h.e.t.j.p.i.JtaPlatformInitiator       : HHH000489: No JTA platform available (set 'hibernate.transaction.jta.platform' to enable JTA platform integration)
2026-05-31T18:02:56.372+07:00 DEBUG 21952 --- [backend] [           main] org.hibernate.SQL                        : 
    create table booking_addons (
        price_per_day float(53) not null,
        quantity integer not null,
        addon_id varchar(255) not null,
        booking_id varchar(255) not null,
        primary key (addon_id, booking_id)
    )
Hibernate: 
    create table booking_addons (
        price_per_day float(53) not null,
        quantity integer not null,
        addon_id varchar(255) not null,
        booking_id varchar(255) not null,
        primary key (addon_id, booking_id)
    )
2026-05-31T18:02:56.377+07:00 DEBUG 21952 --- [backend] [           main] org.hibernate.SQL                        : 
    create table bookings (
        id varchar(36) not null,
        addons_total float(53) not null,
        base_price float(53) not null,
        cancellation_reason TEXT,
        cancelled_at timestamp(6),
        check_in_odometer integer,
        check_out_odometer integer,
        coupon_code varchar(50),
        created_at timestamp(6) not null,
        damage_report TEXT,
        delivery_address TEXT,
        delivery_fee float(53) not null,
        deposit float(53) not null,
        deposit_refunded boolean not null,
        discount float(53) not null,
        end_date date not null,
        include_delivery boolean not null,
        include_insurance boolean not null,
        insurance_fee float(53) not null,
        notes TEXT,
        owner_notes TEXT,
        pickup_location varchar(500),
        price_per_day float(53) not null,
        service_fee float(53) not null,
        start_date date not null,
        status varchar(20) not null,
        taxes float(53) not null,
        total float(53) not null,
        total_days integer not null,
        updated_at timestamp(6) not null,
        owner_id varchar(36) not null,
        renter_id varchar(36) not null,
        vehicle_id varchar(36) not null,
        primary key (id)
    )
Hibernate: 
    create table bookings (
        id varchar(36) not null,
        addons_total float(53) not null,
        base_price float(53) not null,
        cancellation_reason TEXT,
        cancelled_at timestamp(6),
        check_in_odometer integer,
        check_out_odometer integer,
        coupon_code varchar(50),
        created_at timestamp(6) not null,
        damage_report TEXT,
        delivery_address TEXT,
        delivery_fee float(53) not null,
        deposit float(53) not null,
        deposit_refunded boolean not null,
        discount float(53) not null,
        end_date date not null,
        include_delivery boolean not null,
        include_insurance boolean not null,
        insurance_fee float(53) not null,
        notes TEXT,
        owner_notes TEXT,
        pickup_location varchar(500),
        price_per_day float(53) not null,
        service_fee float(53) not null,
        start_date date not null,
        status varchar(20) not null,
        taxes float(53) not null,
        total float(53) not null,
        total_days integer not null,
        updated_at timestamp(6) not null,
        owner_id varchar(36) not null,
        renter_id varchar(36) not null,
        vehicle_id varchar(36) not null,
        primary key (id)
    )
2026-05-31T18:02:56.381+07:00 DEBUG 21952 --- [backend] [           main] org.hibernate.SQL                        : 
    create table dispute_evidence (
        id varchar(36) not null,
        created_at timestamp(6) not null,
        description TEXT,
        type varchar(20) not null,
        url varchar(500) not null,
        dispute_id varchar(36) not null,
        uploaded_by varchar(36) not null,
        primary key (id)
    )
Hibernate: 
    create table dispute_evidence (
        id varchar(36) not null,
        created_at timestamp(6) not null,
        description TEXT,
        type varchar(20) not null,
        url varchar(500) not null,
        dispute_id varchar(36) not null,
        uploaded_by varchar(36) not null,
        primary key (id)
    )
2026-05-31T18:02:56.383+07:00 DEBUG 21952 --- [backend] [           main] org.hibernate.SQL                        : 
    create table disputes (
        id varchar(36) not null,
        created_at timestamp(6) not null,
        description TEXT not null,
        resolution TEXT,
        resolved_at timestamp(6),
        status varchar(20) not null,
        title varchar(200) not null,
        type varchar(20) not null,
        admin_id varchar(36),
        against_user varchar(36) not null,
        booking_id varchar(36) not null,
        raised_by varchar(36) not null,
        primary key (id)
    )
Hibernate: 
    create table disputes (
        id varchar(36) not null,
        created_at timestamp(6) not null,
        description TEXT not null,
        resolution TEXT,
        resolved_at timestamp(6),
        status varchar(20) not null,
        title varchar(200) not null,
        type varchar(20) not null,
        admin_id varchar(36),
        against_user varchar(36) not null,
        booking_id varchar(36) not null,
        raised_by varchar(36) not null,
        primary key (id)
    )
2026-05-31T18:02:56.384+07:00 DEBUG 21952 --- [backend] [           main] org.hibernate.SQL                        : 
    create table email_verification_tokens (
        id varchar(36) not null,
        created_at timestamp(6) not null,
        expires_at timestamp(6) not null,
        token varchar(100) not null,
        used_at timestamp(6),
        user_id varchar(36) not null,
        primary key (id)
    )
Hibernate: 
    create table email_verification_tokens (
        id varchar(36) not null,
        created_at timestamp(6) not null,
        expires_at timestamp(6) not null,
        token varchar(100) not null,
        used_at timestamp(6),
        user_id varchar(36) not null,
        primary key (id)
    )
2026-05-31T18:02:56.386+07:00 DEBUG 21952 --- [backend] [           main] org.hibernate.SQL                        : 
    create table payments (
        id varchar(36) not null,
        amount float(53) not null,
        created_at timestamp(6) not null,
        currency varchar(3) not null,
        description TEXT,
        metadata TEXT,
        method varchar(20) not null,
        processed_at timestamp(6),
        refund_amount float(53) not null,
        refunded_at timestamp(6),
        status varchar(20) not null,
        stripe_payment_intent_id varchar(200),
        transaction_id varchar(200),
        booking_id varchar(36) not null,
        user_id varchar(36) not null,
        primary key (id)
    )
Hibernate: 
    create table payments (
        id varchar(36) not null,
        amount float(53) not null,
        created_at timestamp(6) not null,
        currency varchar(3) not null,
        description TEXT,
        metadata TEXT,
        method varchar(20) not null,
        processed_at timestamp(6),
        refund_amount float(53) not null,
        refunded_at timestamp(6),
        status varchar(20) not null,
        stripe_payment_intent_id varchar(200),
        transaction_id varchar(200),
        booking_id varchar(36) not null,
        user_id varchar(36) not null,
        primary key (id)
    )
2026-05-31T18:02:56.387+07:00 DEBUG 21952 --- [backend] [           main] org.hibernate.SQL                        : 
    create table reviews (
        id varchar(36) not null,
        accuracy integer not null,
        cleanliness integer not null,
        comment TEXT,
        communication integer not null,
        created_at timestamp(6) not null,
        helpful integer not null,
        owner_response TEXT,
        rating integer not null,
        updated_at timestamp(6) not null,
        value_rating integer not null,
        booking_id varchar(36) not null,
        owner_id varchar(36) not null,
        reviewer_id varchar(36) not null,
        vehicle_id varchar(36) not null,
        primary key (id)
    )
Hibernate: 
    create table reviews (
        id varchar(36) not null,
        accuracy integer not null,
        cleanliness integer not null,
        comment TEXT,
        communication integer not null,
        created_at timestamp(6) not null,
        helpful integer not null,
        owner_response TEXT,
        rating integer not null,
        updated_at timestamp(6) not null,
        value_rating integer not null,
        booking_id varchar(36) not null,
        owner_id varchar(36) not null,
        reviewer_id varchar(36) not null,
        vehicle_id varchar(36) not null,
        primary key (id)
    )
2026-05-31T18:02:56.389+07:00 DEBUG 21952 --- [backend] [           main] org.hibernate.SQL                        : 
    create table user_documents (
        id varchar(36) not null,
        document_type varchar(30) not null,
        rejection_reason TEXT,
        status varchar(20) not null,
        uploaded_at timestamp(6) not null,
        url varchar(500) not null,
        verified_at timestamp(6),
        user_id varchar(36) not null,
        primary key (id)
    )
Hibernate: 
    create table user_documents (
        id varchar(36) not null,
        document_type varchar(30) not null,
        rejection_reason TEXT,
        status varchar(20) not null,
        uploaded_at timestamp(6) not null,
        url varchar(500) not null,
        verified_at timestamp(6),
        user_id varchar(36) not null,
        primary key (id)
    )
2026-05-31T18:02:56.391+07:00 DEBUG 21952 --- [backend] [           main] org.hibernate.SQL                        : 
    create table users (
        id varchar(36) not null,
        account_type varchar(20) not null,
        avatar varchar(500),
        bio TEXT,
        company_name varchar(200),
        created_at timestamp(6) not null,
        display_name varchar(200),
        driving_license_verified boolean,
        email varchar(255) not null,
        first_name varchar(100) not null,
        is_active boolean not null,
        joined_at timestamp(6) not null,
        kyc_verified boolean,
        last_active timestamp(6) not null,
        last_name varchar(100) not null,
        location varchar(200),
        password_hash varchar(255) not null,
        phone varchar(20),
        rating float(53) not null,
        role varchar(20) not null,
        stripe_customer_id varchar(100),
        total_rentals integer not null,
        total_reviews integer not null,
        updated_at timestamp(6) not null,
        verified boolean not null,
        primary key (id)
    )
Hibernate: 
    create table users (
        id varchar(36) not null,
        account_type varchar(20) not null,
        avatar varchar(500),
        bio TEXT,
        company_name varchar(200),
        created_at timestamp(6) not null,
        display_name varchar(200),
        driving_license_verified boolean,
        email varchar(255) not null,
        first_name varchar(100) not null,
        is_active boolean not null,
        joined_at timestamp(6) not null,
        kyc_verified boolean,
        last_active timestamp(6) not null,
        last_name varchar(100) not null,
        location varchar(200),
        password_hash varchar(255) not null,
        phone varchar(20),
        rating float(53) not null,
        role varchar(20) not null,
        stripe_customer_id varchar(100),
        total_rentals integer not null,
        total_reviews integer not null,
        updated_at timestamp(6) not null,
        verified boolean not null,
        primary key (id)
    )
2026-05-31T18:02:56.393+07:00 DEBUG 21952 --- [backend] [           main] org.hibernate.SQL                        : 
    create table vehicle_addons (
        id varchar(36) not null,
        description TEXT,
        icon varchar(100),
        is_active boolean not null,
        name varchar(100) not null,
        price_per_day float(53) not null,
        vehicle_id varchar(36) not null,
        primary key (id)
    )
Hibernate: 
    create table vehicle_addons (
        id varchar(36) not null,
        description TEXT,
        icon varchar(100),
        is_active boolean not null,
        name varchar(100) not null,
        price_per_day float(53) not null,
        vehicle_id varchar(36) not null,
        primary key (id)
    )
2026-05-31T18:02:56.394+07:00 DEBUG 21952 --- [backend] [           main] org.hibernate.SQL                        : 
    create table vehicle_features (
        id varchar(36) not null,
        feature varchar(100) not null,
        vehicle_id varchar(36) not null,
        primary key (id)
    )
Hibernate: 
    create table vehicle_features (
        id varchar(36) not null,
        feature varchar(100) not null,
        vehicle_id varchar(36) not null,
        primary key (id)
    )
2026-05-31T18:02:56.396+07:00 DEBUG 21952 --- [backend] [           main] org.hibernate.SQL                        : 
    create table vehicle_images (
        id varchar(36) not null,
        created_at timestamp(6) not null,
        is_primary boolean not null,
        sort_order integer not null,
        url varchar(500) not null,
        vehicle_id varchar(36) not null,
        primary key (id)
    )
Hibernate: 
    create table vehicle_images (
        id varchar(36) not null,
        created_at timestamp(6) not null,
        is_primary boolean not null,
        sort_order integer not null,
        url varchar(500) not null,
        vehicle_id varchar(36) not null,
        primary key (id)
    )
2026-05-31T18:02:56.397+07:00 DEBUG 21952 --- [backend] [           main] org.hibernate.SQL                        : 
    create table vehicles (
        id varchar(36) not null,
        acceleration float(53),
        address TEXT,
        advance_booking_days integer not null,
        brand varchar(100) not null,
        category varchar(20) not null,
        city varchar(100) not null,
        color varchar(50),
        country varchar(100) not null,
        created_at timestamp(6) not null,
        delivery_available boolean not null,
        delivery_fee float(53) not null,
        deposit float(53) not null,
        description TEXT,
        doors integer,
        engine_size varchar(20),
        fuel_type varchar(20) not null,
        horsepower integer,
        instant_book boolean not null,
        is_featured boolean not null,
        is_verified boolean not null,
        latitude float(53),
        license_plate varchar(20),
        longitude float(53),
        max_rental_days integer not null,
        min_rental_days integer not null,
        model varchar(100) not null,
        name varchar(200) not null,
        price_per_day float(53) not null,
        price_per_week float(53),
        range_km integer,
        rating float(53) not null,
        seats integer not null,
        status varchar(20) not null,
        thumbnail_url varchar(500),
        top_speed integer,
        total_bookings integer not null,
        total_reviews integer not null,
        transmission varchar(20) not null,
        updated_at timestamp(6) not null,
        year integer not null,
        owner_id varchar(36) not null,
        primary key (id)
    )
Hibernate: 
    create table vehicles (
        id varchar(36) not null,
        acceleration float(53),
        address TEXT,
        advance_booking_days integer not null,
        brand varchar(100) not null,
        category varchar(20) not null,
        city varchar(100) not null,
        color varchar(50),
        country varchar(100) not null,
        created_at timestamp(6) not null,
        delivery_available boolean not null,
        delivery_fee float(53) not null,
        deposit float(53) not null,
        description TEXT,
        doors integer,
        engine_size varchar(20),
        fuel_type varchar(20) not null,
        horsepower integer,
        instant_book boolean not null,
        is_featured boolean not null,
        is_verified boolean not null,
        latitude float(53),
        license_plate varchar(20),
        longitude float(53),
        max_rental_days integer not null,
        min_rental_days integer not null,
        model varchar(100) not null,
        name varchar(200) not null,
        price_per_day float(53) not null,
        price_per_week float(53),
        range_km integer,
        rating float(53) not null,
        seats integer not null,
        status varchar(20) not null,
        thumbnail_url varchar(500),
        top_speed integer,
        total_bookings integer not null,
        total_reviews integer not null,
        transmission varchar(20) not null,
        updated_at timestamp(6) not null,
        year integer not null,
        owner_id varchar(36) not null,
        primary key (id)
    )
2026-05-31T18:02:56.399+07:00 DEBUG 21952 --- [backend] [           main] org.hibernate.SQL                        : 
    create table wishlists (
        id varchar(36) not null,
        created_at timestamp(6) not null,
        user_id varchar(36) not null,
        vehicle_id varchar(36) not null,
        primary key (id)
    )
Hibernate: 
    create table wishlists (
        id varchar(36) not null,
        created_at timestamp(6) not null,
        user_id varchar(36) not null,
        vehicle_id varchar(36) not null,
        primary key (id)
    )
2026-05-31T18:02:56.400+07:00 DEBUG 21952 --- [backend] [           main] org.hibernate.SQL                        : 
    alter table if exists email_verification_tokens 
       drop constraint if exists UKewmvysc7e9y6uy7og2c21axa9
Hibernate: 
    alter table if exists email_verification_tokens 
       drop constraint if exists UKewmvysc7e9y6uy7og2c21axa9
2026-05-31T18:02:56.401+07:00 DEBUG 21952 --- [backend] [           main] org.hibernate.SQL                        : 
    alter table if exists email_verification_tokens 
       add constraint UKewmvysc7e9y6uy7og2c21axa9 unique (token)
Hibernate: 
    alter table if exists email_verification_tokens 
       add constraint UKewmvysc7e9y6uy7og2c21axa9 unique (token)
2026-05-31T18:02:56.403+07:00 DEBUG 21952 --- [backend] [           main] org.hibernate.SQL                        : 
    alter table if exists payments 
       drop constraint if exists UKlryndveuwa4k5qthti0pkmtlx
Hibernate: 
    alter table if exists payments 
       drop constraint if exists UKlryndveuwa4k5qthti0pkmtlx
2026-05-31T18:02:56.403+07:00 DEBUG 21952 --- [backend] [           main] org.hibernate.SQL                        : 
    alter table if exists payments 
       add constraint UKlryndveuwa4k5qthti0pkmtlx unique (transaction_id)
Hibernate: 
    alter table if exists payments 
       add constraint UKlryndveuwa4k5qthti0pkmtlx unique (transaction_id)
2026-05-31T18:02:56.404+07:00 DEBUG 21952 --- [backend] [           main] org.hibernate.SQL                        : 
    alter table if exists reviews 
       drop constraint if exists UK3p9j9vyr1qofbcxju65es206r
Hibernate: 
    alter table if exists reviews 
       drop constraint if exists UK3p9j9vyr1qofbcxju65es206r
2026-05-31T18:02:56.404+07:00 DEBUG 21952 --- [backend] [           main] org.hibernate.SQL                        : 
    alter table if exists reviews 
       add constraint UK3p9j9vyr1qofbcxju65es206r unique (booking_id)
Hibernate: 
    alter table if exists reviews 
       add constraint UK3p9j9vyr1qofbcxju65es206r unique (booking_id)
2026-05-31T18:02:56.404+07:00 DEBUG 21952 --- [backend] [           main] org.hibernate.SQL                        : 
    alter table if exists users 
       drop constraint if exists UK6dotkott2kjsp8vw4d0m25fb7
Hibernate: 
    alter table if exists users 
       drop constraint if exists UK6dotkott2kjsp8vw4d0m25fb7
2026-05-31T18:02:56.405+07:00 DEBUG 21952 --- [backend] [           main] org.hibernate.SQL                        : 
    alter table if exists users 
       add constraint UK6dotkott2kjsp8vw4d0m25fb7 unique (email)
Hibernate: 
    alter table if exists users 
       add constraint UK6dotkott2kjsp8vw4d0m25fb7 unique (email)
2026-05-31T18:02:56.405+07:00 DEBUG 21952 --- [backend] [           main] org.hibernate.SQL                        : 
    alter table if exists vehicles 
       drop constraint if exists UK9vovnbiegxevdhqfcwvp2g8pj
Hibernate: 
    alter table if exists vehicles 
       drop constraint if exists UK9vovnbiegxevdhqfcwvp2g8pj
2026-05-31T18:02:56.406+07:00 DEBUG 21952 --- [backend] [           main] org.hibernate.SQL                        : 
    alter table if exists vehicles 
       add constraint UK9vovnbiegxevdhqfcwvp2g8pj unique (license_plate)
Hibernate: 
    alter table if exists vehicles 
       add constraint UK9vovnbiegxevdhqfcwvp2g8pj unique (license_plate)
2026-05-31T18:02:56.406+07:00 DEBUG 21952 --- [backend] [           main] org.hibernate.SQL                        : 
    alter table if exists wishlists 
       drop constraint if exists UKhghyheavpeue9jh9pcwrcyla5
Hibernate: 
    alter table if exists wishlists 
       drop constraint if exists UKhghyheavpeue9jh9pcwrcyla5
2026-05-31T18:02:56.407+07:00 DEBUG 21952 --- [backend] [           main] org.hibernate.SQL                        : 
    alter table if exists wishlists 
       add constraint UKhghyheavpeue9jh9pcwrcyla5 unique (user_id, vehicle_id)
Hibernate: 
    alter table if exists wishlists 
       add constraint UKhghyheavpeue9jh9pcwrcyla5 unique (user_id, vehicle_id)
2026-05-31T18:02:56.408+07:00 DEBUG 21952 --- [backend] [           main] org.hibernate.SQL                        : 
    alter table if exists booking_addons 
       add constraint FKp4c4p6jo602oqmabwhvgb7fcl 
       foreign key (addon_id) 
       references vehicle_addons
Hibernate: 
    alter table if exists booking_addons 
       add constraint FKp4c4p6jo602oqmabwhvgb7fcl 
       foreign key (addon_id) 
       references vehicle_addons
2026-05-31T18:02:56.412+07:00 DEBUG 21952 --- [backend] [           main] org.hibernate.SQL                        : 
    alter table if exists booking_addons 
       add constraint FKfjho8dbfkbf78loy64kx3hgsn 
       foreign key (booking_id) 
       references bookings
Hibernate: 
    alter table if exists booking_addons 
       add constraint FKfjho8dbfkbf78loy64kx3hgsn 
       foreign key (booking_id) 
       references bookings
2026-05-31T18:02:56.413+07:00 DEBUG 21952 --- [backend] [           main] org.hibernate.SQL                        : 
    alter table if exists bookings 
       add constraint FKmgj90xy8xmugtn5bv0espn7tr 
       foreign key (owner_id) 
       references users
Hibernate: 
    alter table if exists bookings 
       add constraint FKmgj90xy8xmugtn5bv0espn7tr 
       foreign key (owner_id) 
       references users
2026-05-31T18:02:56.414+07:00 DEBUG 21952 --- [backend] [           main] org.hibernate.SQL                        : 
    alter table if exists bookings 
       add constraint FKhi6uutgints5fj9cj244ecysh 
       foreign key (renter_id) 
       references users
Hibernate: 
    alter table if exists bookings 
       add constraint FKhi6uutgints5fj9cj244ecysh 
       foreign key (renter_id) 
       references users
2026-05-31T18:02:56.416+07:00 DEBUG 21952 --- [backend] [           main] org.hibernate.SQL                        : 
    alter table if exists bookings 
       add constraint FKc0062bk3bchs55diw805avxq 
       foreign key (vehicle_id) 
       references vehicles
Hibernate: 
    alter table if exists bookings 
       add constraint FKc0062bk3bchs55diw805avxq 
       foreign key (vehicle_id) 
       references vehicles
2026-05-31T18:02:56.417+07:00 DEBUG 21952 --- [backend] [           main] org.hibernate.SQL                        : 
    alter table if exists dispute_evidence 
       add constraint FKrcgtirnblrjrj1jycrwrtxo7f 
       foreign key (dispute_id) 
       references disputes
Hibernate: 
    alter table if exists dispute_evidence 
       add constraint FKrcgtirnblrjrj1jycrwrtxo7f 
       foreign key (dispute_id) 
       references disputes
2026-05-31T18:02:56.419+07:00 DEBUG 21952 --- [backend] [           main] org.hibernate.SQL                        : 
    alter table if exists dispute_evidence 
       add constraint FK8x9iw5aw77aeqw7xg8ecpvyoy 
       foreign key (uploaded_by) 
       references users
Hibernate: 
    alter table if exists dispute_evidence 
       add constraint FK8x9iw5aw77aeqw7xg8ecpvyoy 
       foreign key (uploaded_by) 
       references users
2026-05-31T18:02:56.420+07:00 DEBUG 21952 --- [backend] [           main] org.hibernate.SQL                        : 
    alter table if exists disputes 
       add constraint FKo02i7xwov85f7lqmd9f0rwg80 
       foreign key (admin_id) 
       references users
Hibernate: 
    alter table if exists disputes 
       add constraint FKo02i7xwov85f7lqmd9f0rwg80 
       foreign key (admin_id) 
       references users
2026-05-31T18:02:56.421+07:00 DEBUG 21952 --- [backend] [           main] org.hibernate.SQL                        : 
    alter table if exists disputes 
       add constraint FKjbukfo9pfpyei4l0195kq154b 
       foreign key (against_user) 
       references users
Hibernate: 
    alter table if exists disputes 
       add constraint FKjbukfo9pfpyei4l0195kq154b 
       foreign key (against_user) 
       references users
2026-05-31T18:02:56.422+07:00 DEBUG 21952 --- [backend] [           main] org.hibernate.SQL                        : 
    alter table if exists disputes 
       add constraint FKmbmkglcru85cdq73ih2ko4m1k 
       foreign key (booking_id) 
       references bookings
Hibernate: 
    alter table if exists disputes 
       add constraint FKmbmkglcru85cdq73ih2ko4m1k 
       foreign key (booking_id) 
       references bookings
2026-05-31T18:02:56.423+07:00 DEBUG 21952 --- [backend] [           main] org.hibernate.SQL                        : 
    alter table if exists disputes 
       add constraint FKbw5x3hkfwrtdcljq5v9jcine4 
       foreign key (raised_by) 
       references users
Hibernate: 
    alter table if exists disputes 
       add constraint FKbw5x3hkfwrtdcljq5v9jcine4 
       foreign key (raised_by) 
       references users
2026-05-31T18:02:56.424+07:00 DEBUG 21952 --- [backend] [           main] org.hibernate.SQL                        : 
    alter table if exists email_verification_tokens 
       add constraint FKi1c4mmamlb8keqt74k4lrtwhc 
       foreign key (user_id) 
       references users
Hibernate: 
    alter table if exists email_verification_tokens 
       add constraint FKi1c4mmamlb8keqt74k4lrtwhc 
       foreign key (user_id) 
       references users
2026-05-31T18:02:56.425+07:00 DEBUG 21952 --- [backend] [           main] org.hibernate.SQL                        : 
    alter table if exists payments 
       add constraint FKc52o2b1jkxttngufqp3t7jr3h 
       foreign key (booking_id) 
       references bookings
Hibernate: 
    alter table if exists payments 
       add constraint FKc52o2b1jkxttngufqp3t7jr3h 
       foreign key (booking_id) 
       references bookings
2026-05-31T18:02:56.426+07:00 DEBUG 21952 --- [backend] [           main] org.hibernate.SQL                        : 
    alter table if exists payments 
       add constraint FKj94hgy9v5fw1munb90tar2eje 
       foreign key (user_id) 
       references users
Hibernate: 
    alter table if exists payments 
       add constraint FKj94hgy9v5fw1munb90tar2eje 
       foreign key (user_id) 
       references users
2026-05-31T18:02:56.428+07:00 DEBUG 21952 --- [backend] [           main] org.hibernate.SQL                        : 
    alter table if exists reviews 
       add constraint FK28an517hrxtt2bsg93uefugrm 
       foreign key (booking_id) 
       references bookings
Hibernate: 
    alter table if exists reviews 
       add constraint FK28an517hrxtt2bsg93uefugrm 
       foreign key (booking_id) 
       references bookings
2026-05-31T18:02:56.429+07:00 DEBUG 21952 --- [backend] [           main] org.hibernate.SQL                        : 
    alter table if exists reviews 
       add constraint FKj9l8tknojxvfkajmki9hrcer7 
       foreign key (owner_id) 
       references users
Hibernate: 
    alter table if exists reviews 
       add constraint FKj9l8tknojxvfkajmki9hrcer7 
       foreign key (owner_id) 
       references users
2026-05-31T18:02:56.430+07:00 DEBUG 21952 --- [backend] [           main] org.hibernate.SQL                        : 
    alter table if exists reviews 
       add constraint FKd1isgfajhtdl8mgg29up6mofi 
       foreign key (reviewer_id) 
       references users
Hibernate: 
    alter table if exists reviews 
       add constraint FKd1isgfajhtdl8mgg29up6mofi 
       foreign key (reviewer_id) 
       references users
2026-05-31T18:02:56.431+07:00 DEBUG 21952 --- [backend] [           main] org.hibernate.SQL                        : 
    alter table if exists reviews 
       add constraint FKr37h09550sodud7wxf2uvgprp 
       foreign key (vehicle_id) 
       references vehicles
Hibernate: 
    alter table if exists reviews 
       add constraint FKr37h09550sodud7wxf2uvgprp 
       foreign key (vehicle_id) 
       references vehicles
2026-05-31T18:02:56.433+07:00 DEBUG 21952 --- [backend] [           main] org.hibernate.SQL                        : 
    alter table if exists user_documents 
       add constraint FK1r7rd4k83lt1yes6jdvq92hah 
       foreign key (user_id) 
       references users
Hibernate: 
    alter table if exists user_documents 
       add constraint FK1r7rd4k83lt1yes6jdvq92hah 
       foreign key (user_id) 
       references users
2026-05-31T18:02:56.434+07:00 DEBUG 21952 --- [backend] [           main] org.hibernate.SQL                        : 
    alter table if exists vehicle_addons 
       add constraint FKks8f531pvh56n3bcopj9nyud3 
       foreign key (vehicle_id) 
       references vehicles
Hibernate: 
    alter table if exists vehicle_addons 
       add constraint FKks8f531pvh56n3bcopj9nyud3 
       foreign key (vehicle_id) 
       references vehicles
2026-05-31T18:02:56.435+07:00 DEBUG 21952 --- [backend] [           main] org.hibernate.SQL                        : 
    alter table if exists vehicle_features 
       add constraint FK5gpmfcffxs7w11yckeuvwd3jk 
       foreign key (vehicle_id) 
       references vehicles
Hibernate: 
    alter table if exists vehicle_features 
       add constraint FK5gpmfcffxs7w11yckeuvwd3jk 
       foreign key (vehicle_id) 
       references vehicles
2026-05-31T18:02:56.437+07:00 DEBUG 21952 --- [backend] [           main] org.hibernate.SQL                        : 
    alter table if exists vehicle_images 
       add constraint FKp6gw8mt61ktmsk5nuc4qid7i8 
       foreign key (vehicle_id) 
       references vehicles
Hibernate: 
    alter table if exists vehicle_images 
       add constraint FKp6gw8mt61ktmsk5nuc4qid7i8 
       foreign key (vehicle_id) 
       references vehicles
2026-05-31T18:02:56.438+07:00 DEBUG 21952 --- [backend] [           main] org.hibernate.SQL                        : 
    alter table if exists vehicles 
       add constraint FKi251m7sfpn4k64pif7wk70jlu 
       foreign key (owner_id) 
       references users
Hibernate: 
    alter table if exists vehicles 
       add constraint FKi251m7sfpn4k64pif7wk70jlu 
       foreign key (owner_id) 
       references users
2026-05-31T18:02:56.440+07:00 DEBUG 21952 --- [backend] [           main] org.hibernate.SQL                        : 
    alter table if exists wishlists 
       add constraint FK330pyw2el06fn5g28ypyljt16 
       foreign key (user_id) 
       references users
Hibernate: 
    alter table if exists wishlists 
       add constraint FK330pyw2el06fn5g28ypyljt16 
       foreign key (user_id) 
       references users
2026-05-31T18:02:56.441+07:00 DEBUG 21952 --- [backend] [           main] org.hibernate.SQL                        : 
    alter table if exists wishlists 
       add constraint FKn560xsy34rmsnvrvhyqgrm89h 
       foreign key (vehicle_id) 
       references vehicles
Hibernate: 
    alter table if exists wishlists 
       add constraint FKn560xsy34rmsnvrvhyqgrm89h 
       foreign key (vehicle_id) 
       references vehicles
2026-05-31T18:02:56.443+07:00  INFO 21952 --- [backend] [           main] j.LocalContainerEntityManagerFactoryBean : Initialized JPA EntityManagerFactory for persistence unit 'default'
2026-05-31T18:02:57.338+07:00  INFO 21952 --- [backend] [           main] o.s.d.j.r.query.QueryEnhancerFactory     : Hibernate is in classpath; If applicable, HQL parser will be used.
2026-05-31T18:03:00.364+07:00  WARN 21952 --- [backend] [           main] JpaBaseConfiguration$JpaWebConfiguration : spring.jpa.open-in-view is enabled by default. Therefore, database queries may be performed during view rendering. Explicitly configure spring.jpa.open-in-view to disable this warning
2026-05-31T18:03:00.852+07:00 DEBUG 21952 --- [backend] [           main] s.w.s.m.m.a.RequestMappingHandlerMapping : 70 mappings in 'requestMappingHandlerMapping'
2026-05-31T18:03:01.398+07:00 DEBUG 21952 --- [backend] [           main] o.s.w.s.handler.SimpleUrlHandlerMapping  : Patterns [/webjars/**, /**] in 'resourceHandlerMapping'
2026-05-31T18:03:01.636+07:00 DEBUG 21952 --- [backend] [           main] s.w.s.m.m.a.RequestMappingHandlerAdapter : ControllerAdvice beans: 0 @ModelAttribute, 0 @InitBinder, 1 RequestBodyAdvice, 1 ResponseBodyAdvice
2026-05-31T18:03:01.950+07:00 DEBUG 21952 --- [backend] [           main] .m.m.a.ExceptionHandlerExceptionResolver : ControllerAdvice beans: 0 @ExceptionHandler, 1 ResponseBodyAdvice
2026-05-31T18:03:02.296+07:00  INFO 21952 --- [backend] [           main] o.s.b.a.h2.H2ConsoleAutoConfiguration    : H2 console available at '/h2-console'. Database available at 'jdbc:h2:mem:luxewaydb'
2026-05-31T18:03:02.494+07:00 DEBUG 21952 --- [backend] [           main] .s.b.a.l.ConditionEvaluationReportLogger : 


============================
CONDITIONS EVALUATION REPORT
============================


Positive matches:
-----------------

   AopAutoConfiguration matched:
      - @ConditionalOnProperty (spring.aop.auto=true) matched (OnPropertyCondition)

   AopAutoConfiguration.AspectJAutoProxyingConfiguration matched:
      - @ConditionalOnClass found required class 'org.aspectj.weaver.Advice' (OnClassCondition)

   AopAutoConfiguration.AspectJAutoProxyingConfiguration.CglibAutoProxyConfiguration matched:
      - @ConditionalOnProperty (spring.aop.proxy-target-class=true) matched (OnPropertyCondition)

   ApplicationAvailabilityAutoConfiguration#applicationAvailability matched:
      - @ConditionalOnMissingBean (types: org.springframework.boot.availability.ApplicationAvailability; SearchStrategy: all) did not find any beans (OnBeanCondition)

   DataSourceAutoConfiguration matched:
      - @ConditionalOnClass found required classes 'javax.sql.DataSource', 'org.springframework.jdbc.datasource.embedded.EmbeddedDatabaseType' (OnClassCondition)
      - @ConditionalOnMissingBean (types: io.r2dbc.spi.ConnectionFactory; SearchStrategy: all) did not find any beans (OnBeanCondition)

   DataSourceAutoConfiguration.PooledDataSourceConfiguration matched:
      - AnyNestedCondition 1 matched 1 did not; NestedCondition on DataSourceAutoConfiguration.PooledDataSourceCondition.PooledDataSourceAvailable PooledDataSource found supported DataSource; NestedCondition on DataSourceAutoConfiguration.PooledDataSourceCondition.ExplicitType @ConditionalOnProperty (spring.datasource.type) did not find property 'type' (DataSourceAutoConfiguration.PooledDataSourceCondition)
      - @ConditionalOnMissingBean (types: javax.sql.DataSource,javax.sql.XADataSource; SearchStrategy: all) did not find any beans (OnBeanCondition)

   DataSourceAutoConfiguration.PooledDataSourceConfiguration#jdbcConnectionDetails matched:
      - @ConditionalOnMissingBean (types: org.springframework.boot.autoconfigure.jdbc.JdbcConnectionDetails; SearchStrategy: all) did not find any beans (OnBeanCondition)

   DataSourceConfiguration.Hikari matched:
      - @ConditionalOnClass found required class 'com.zaxxer.hikari.HikariDataSource' (OnClassCondition)
      - @ConditionalOnProperty (spring.datasource.type=com.zaxxer.hikari.HikariDataSource) matched (OnPropertyCondition)
      - @ConditionalOnMissingBean (types: javax.sql.DataSource; SearchStrategy: all) did not find any beans (OnBeanCondition)

   DataSourceInitializationConfiguration matched:
      - @ConditionalOnClass found required class 'org.springframework.jdbc.datasource.init.DatabasePopulator' (OnClassCondition)
      - @ConditionalOnSingleCandidate (types: javax.sql.DataSource; SearchStrategy: all) found a single bean 'dataSource'; @ConditionalOnMissingBean (types: org.springframework.boot.autoconfigure.sql.init.SqlDataSourceScriptDatabaseInitializer,org.springframework.boot.autoconfigure.sql.init.SqlR2dbcScriptDatabaseInitializer; SearchStrategy: all) did not find any beans (OnBeanCondition)

   DataSourcePoolMetadataProvidersConfiguration.HikariPoolDataSourceMetadataProviderConfiguration matched:
      - @ConditionalOnClass found required class 'com.zaxxer.hikari.HikariDataSource' (OnClassCondition)

   DataSourceTransactionManagerAutoConfiguration matched:
      - @ConditionalOnClass found required classes 'javax.sql.DataSource', 'org.springframework.jdbc.core.JdbcTemplate', 'org.springframework.transaction.TransactionManager' (OnClassCondition)

   DataSourceTransactionManagerAutoConfiguration.JdbcTransactionManagerConfiguration matched:
      - @ConditionalOnSingleCandidate (types: javax.sql.DataSource; SearchStrategy: all) found a single bean 'dataSource' (OnBeanCondition)

   DispatcherServletAutoConfiguration matched:
      - @ConditionalOnClass found required class 'org.springframework.web.servlet.DispatcherServlet' (OnClassCondition)
      - found 'session' scope (OnWebApplicationCondition)

   DispatcherServletAutoConfiguration.DispatcherServletConfiguration matched:
      - @ConditionalOnClass found required class 'jakarta.servlet.ServletRegistration' (OnClassCondition)
      - Default DispatcherServlet did not find dispatcher servlet beans (DispatcherServletAutoConfiguration.DefaultDispatcherServletCondition)

   DispatcherServletAutoConfiguration.DispatcherServletRegistrationConfiguration matched:
      - @ConditionalOnClass found required class 'jakarta.servlet.ServletRegistration' (OnClassCondition)
      - DispatcherServlet Registration did not find servlet registration bean (DispatcherServletAutoConfiguration.DispatcherServletRegistrationCondition)

   DispatcherServletAutoConfiguration.DispatcherServletRegistrationConfiguration#dispatcherServletRegistration matched:
      - @ConditionalOnBean (names: dispatcherServlet types: org.springframework.web.servlet.DispatcherServlet; SearchStrategy: all) found bean 'dispatcherServlet' (OnBeanCondition)

   ErrorMvcAutoConfiguration matched:
      - @ConditionalOnClass found required classes 'jakarta.servlet.Servlet', 'org.springframework.web.servlet.DispatcherServlet' (OnClassCondition)
      - found 'session' scope (OnWebApplicationCondition)

   ErrorMvcAutoConfiguration#basicErrorController matched:
      - @ConditionalOnMissingBean (types: org.springframework.boot.web.servlet.error.ErrorController; SearchStrategy: current) did not find any beans (OnBeanCondition)

   ErrorMvcAutoConfiguration#errorAttributes matched:
      - @ConditionalOnMissingBean (types: org.springframework.boot.web.servlet.error.ErrorAttributes; SearchStrategy: current) did not find any beans (OnBeanCondition)

   ErrorMvcAutoConfiguration.DefaultErrorViewResolverConfiguration#conventionErrorViewResolver matched:
      - @ConditionalOnBean (types: org.springframework.web.servlet.DispatcherServlet; SearchStrategy: all) found bean 'dispatcherServlet'; @ConditionalOnMissingBean (types: org.springframework.boot.autoconfigure.web.servlet.error.ErrorViewResolver; SearchStrategy: all) did not find any beans (OnBeanCondition)

   ErrorMvcAutoConfiguration.WhitelabelErrorViewConfiguration matched:
      - @ConditionalOnProperty (server.error.whitelabel.enabled) matched (OnPropertyCondition)
      - ErrorTemplate Missing did not find error template view (ErrorMvcAutoConfiguration.ErrorTemplateMissingCondition)

   ErrorMvcAutoConfiguration.WhitelabelErrorViewConfiguration#beanNameViewResolver matched:
      - @ConditionalOnMissingBean (types: org.springframework.web.servlet.view.BeanNameViewResolver; SearchStrategy: all) did not find any beans (OnBeanCondition)

   ErrorMvcAutoConfiguration.WhitelabelErrorViewConfiguration#defaultErrorView matched:
      - @ConditionalOnMissingBean (names: error; SearchStrategy: all) did not find any beans (OnBeanCondition)

   GenericCacheConfiguration matched:
      - Cache org.springframework.boot.autoconfigure.cache.GenericCacheConfiguration automatic cache type (CacheCondition)

   H2ConsoleAutoConfiguration matched:
      - @ConditionalOnClass found required class 'org.h2.server.web.JakartaWebServlet' (OnClassCondition)
      - found 'session' scope (OnWebApplicationCondition)
      - @ConditionalOnProperty (spring.h2.console.enabled=true) matched (OnPropertyCondition)

   HibernateJpaAutoConfiguration matched:
      - @ConditionalOnClass found required classes 'org.springframework.orm.jpa.LocalContainerEntityManagerFactoryBean', 'jakarta.persistence.EntityManager', 'org.hibernate.engine.spi.SessionImplementor' (OnClassCondition)

   HibernateJpaConfiguration matched:
      - @ConditionalOnSingleCandidate (types: javax.sql.DataSource; SearchStrategy: all) found a single bean 'dataSource' (OnBeanCondition)

   HttpEncodingAutoConfiguration matched:
      - @ConditionalOnClass found required class 'org.springframework.web.filter.CharacterEncodingFilter' (OnClassCondition)
      - found 'session' scope (OnWebApplicationCondition)
      - @ConditionalOnProperty (server.servlet.encoding.enabled) matched (OnPropertyCondition)

   HttpEncodingAutoConfiguration#characterEncodingFilter matched:
      - @ConditionalOnMissingBean (types: org.springframework.web.filter.CharacterEncodingFilter; SearchStrategy: all) did not find any beans (OnBeanCondition)

   HttpMessageConvertersAutoConfiguration matched:
      - @ConditionalOnClass found required class 'org.springframework.http.converter.HttpMessageConverter' (OnClassCondition)
      - NoneNestedConditions 0 matched 1 did not; NestedCondition on HttpMessageConvertersAutoConfiguration.NotReactiveWebApplicationCondition.ReactiveWebApplication did not find reactive web application classes (HttpMessageConvertersAutoConfiguration.NotReactiveWebApplicationCondition)

   HttpMessageConvertersAutoConfiguration#messageConverters matched:
      - @ConditionalOnMissingBean (types: org.springframework.boot.autoconfigure.http.HttpMessageConverters; SearchStrategy: all) did not find any beans (OnBeanCondition)

   HttpMessageConvertersAutoConfiguration.StringHttpMessageConverterConfiguration matched:
      - @ConditionalOnClass found required class 'org.springframework.http.converter.StringHttpMessageConverter' (OnClassCondition)

   HttpMessageConvertersAutoConfiguration.StringHttpMessageConverterConfiguration#stringHttpMessageConverter matched:
      - @ConditionalOnMissingBean (types: org.springframework.http.converter.StringHttpMessageConverter; SearchStrategy: all) did not find any beans (OnBeanCondition)

   JacksonAutoConfiguration matched:
      - @ConditionalOnClass found required class 'com.fasterxml.jackson.databind.ObjectMapper' (OnClassCondition)

   JacksonAutoConfiguration.Jackson2ObjectMapperBuilderCustomizerConfiguration matched:
      - @ConditionalOnClass found required class 'org.springframework.http.converter.json.Jackson2ObjectMapperBuilder' (OnClassCondition)

   JacksonAutoConfiguration.JacksonObjectMapperBuilderConfiguration matched:
      - @ConditionalOnClass found required class 'org.springframework.http.converter.json.Jackson2ObjectMapperBuilder' (OnClassCondition)

   JacksonAutoConfiguration.JacksonObjectMapperBuilderConfiguration#jacksonObjectMapperBuilder matched:
      - @ConditionalOnMissingBean (types: org.springframework.http.converter.json.Jackson2ObjectMapperBuilder; SearchStrategy: all) did not find any beans (OnBeanCondition)

   JacksonAutoConfiguration.JacksonObjectMapperConfiguration matched:
      - @ConditionalOnClass found required class 'org.springframework.http.converter.json.Jackson2ObjectMapperBuilder' (OnClassCondition)

   JacksonAutoConfiguration.JacksonObjectMapperConfiguration#jacksonObjectMapper matched:
      - @ConditionalOnMissingBean (types: com.fasterxml.jackson.databind.ObjectMapper; SearchStrategy: all) did not find any beans (OnBeanCondition)

   JacksonAutoConfiguration.ParameterNamesModuleConfiguration matched:
      - @ConditionalOnClass found required class 'com.fasterxml.jackson.module.paramnames.ParameterNamesModule' (OnClassCondition)

   JacksonAutoConfiguration.ParameterNamesModuleConfiguration#parameterNamesModule matched:
      - @ConditionalOnMissingBean (types: com.fasterxml.jackson.module.paramnames.ParameterNamesModule; SearchStrategy: all) did not find any beans (OnBeanCondition)

   JacksonHttpMessageConvertersConfiguration.MappingJackson2HttpMessageConverterConfiguration matched:
      - @ConditionalOnClass found required class 'com.fasterxml.jackson.databind.ObjectMapper' (OnClassCondition)
      - @ConditionalOnProperty (spring.mvc.converters.preferred-json-mapper=jackson) matched (OnPropertyCondition)
      - @ConditionalOnBean (types: com.fasterxml.jackson.databind.ObjectMapper; SearchStrategy: all) found bean 'jacksonObjectMapper' (OnBeanCondition)

   JacksonHttpMessageConvertersConfiguration.MappingJackson2HttpMessageConverterConfiguration#mappingJackson2HttpMessageConverter matched:
      - @ConditionalOnMissingBean (types: org.springframework.http.converter.json.MappingJackson2HttpMessageConverter ignored: org.springframework.hateoas.server.mvc.TypeConstrainedMappingJackson2HttpMessageConverter,org.springframework.data.rest.webmvc.alps.AlpsJsonHttpMessageConverter; SearchStrategy: all) did not find any beans (OnBeanCondition)

   JdbcClientAutoConfiguration matched:
      - @ConditionalOnSingleCandidate (types: org.springframework.jdbc.core.namedparam.NamedParameterJdbcTemplate; SearchStrategy: all) found a single bean 'namedParameterJdbcTemplate'; @ConditionalOnMissingBean (types: org.springframework.jdbc.core.simple.JdbcClient; SearchStrategy: all) did not find any beans (OnBeanCondition)

   JdbcTemplateAutoConfiguration matched:
      - @ConditionalOnClass found required classes 'javax.sql.DataSource', 'org.springframework.jdbc.core.JdbcTemplate' (OnClassCondition)
      - @ConditionalOnSingleCandidate (types: javax.sql.DataSource; SearchStrategy: all) found a single bean 'dataSource' (OnBeanCondition)

   JdbcTemplateConfiguration matched:
      - @ConditionalOnMissingBean (types: org.springframework.jdbc.core.JdbcOperations; SearchStrategy: all) did not find any beans (OnBeanCondition)

   JpaBaseConfiguration#entityManagerFactory matched:
      - @ConditionalOnMissingBean (types: org.springframework.orm.jpa.LocalContainerEntityManagerFactoryBean,jakarta.persistence.EntityManagerFactory; SearchStrategy: all) did not find any beans (OnBeanCondition)

   JpaBaseConfiguration#entityManagerFactoryBuilder matched:
      - @ConditionalOnMissingBean (types: org.springframework.boot.orm.jpa.EntityManagerFactoryBuilder; SearchStrategy: all) did not find any beans (OnBeanCondition)

   JpaBaseConfiguration#jpaVendorAdapter matched:
      - @ConditionalOnMissingBean (types: org.springframework.orm.jpa.JpaVendorAdapter; SearchStrategy: all) did not find any beans (OnBeanCondition)

   JpaBaseConfiguration#transactionManager matched:
      - @ConditionalOnMissingBean (types: org.springframework.transaction.TransactionManager; SearchStrategy: all) did not find any beans (OnBeanCondition)

   JpaBaseConfiguration.JpaWebConfiguration matched:
      - @ConditionalOnClass found required class 'org.springframework.web.servlet.config.annotation.WebMvcConfigurer' (OnClassCondition)
      - found 'session' scope (OnWebApplicationCondition)
      - @ConditionalOnProperty (spring.jpa.open-in-view=true) matched (OnPropertyCondition)
      - @ConditionalOnMissingBean (types: org.springframework.orm.jpa.support.OpenEntityManagerInViewInterceptor,org.springframework.orm.jpa.support.OpenEntityManagerInViewFilter; SearchStrategy: all) did not find any beans (OnBeanCondition)

   JpaBaseConfiguration.PersistenceManagedTypesConfiguration matched:
      - @ConditionalOnMissingBean (types: org.springframework.orm.jpa.LocalContainerEntityManagerFactoryBean,jakarta.persistence.EntityManagerFactory; SearchStrategy: all) did not find any beans (OnBeanCondition)

   JpaBaseConfiguration.PersistenceManagedTypesConfiguration#persistenceManagedTypes matched:
      - @ConditionalOnMissingBean (types: org.springframework.orm.jpa.persistenceunit.PersistenceManagedTypes; SearchStrategy: all) did not find any beans (OnBeanCondition)

   JpaRepositoriesAutoConfiguration matched:
      - @ConditionalOnClass found required class 'org.springframework.data.jpa.repository.JpaRepository' (OnClassCondition)
      - @ConditionalOnProperty (spring.data.jpa.repositories.enabled=true) matched (OnPropertyCondition)
      - @ConditionalOnBean (types: javax.sql.DataSource; SearchStrategy: all) found bean 'dataSource'; @ConditionalOnMissingBean (types: org.springframework.data.jpa.repository.support.JpaRepositoryFactoryBean,org.springframework.data.jpa.repository.config.JpaRepositoryConfigExtension; SearchStrategy: all) did not find any beans (OnBeanCondition)

   JtaAutoConfiguration matched:
      - @ConditionalOnClass found required class 'jakarta.transaction.Transaction' (OnClassCondition)
      - @ConditionalOnProperty (spring.jta.enabled) matched (OnPropertyCondition)

   LifecycleAutoConfiguration#defaultLifecycleProcessor matched:
      - @ConditionalOnMissingBean (names: lifecycleProcessor; SearchStrategy: current) did not find any beans (OnBeanCondition)

   MailSenderAutoConfiguration matched:
      - @ConditionalOnClass found required classes 'jakarta.mail.internet.MimeMessage', 'jakarta.activation.MimeType', 'org.springframework.mail.MailSender' (OnClassCondition)
      - AnyNestedCondition 1 matched 1 did not; NestedCondition on MailSenderAutoConfiguration.MailSenderCondition.JndiNameProperty @ConditionalOnProperty (spring.mail.jndi-name) did not find property 'jndi-name'; NestedCondition on MailSenderAutoConfiguration.MailSenderCondition.HostProperty @ConditionalOnProperty (spring.mail.host) matched (MailSenderAutoConfiguration.MailSenderCondition)
      - @ConditionalOnMissingBean (types: org.springframework.mail.MailSender; SearchStrategy: all) did not find any beans (OnBeanCondition)

   MailSenderPropertiesConfiguration matched:
      - @ConditionalOnProperty (spring.mail.host) matched (OnPropertyCondition)

   MailSenderPropertiesConfiguration#mailSender matched:
      - @ConditionalOnMissingBean (types: org.springframework.mail.javamail.JavaMailSender; SearchStrategy: all) did not find any beans (OnBeanCondition)

   MultipartAutoConfiguration matched:
      - @ConditionalOnClass found required classes 'jakarta.servlet.Servlet', 'org.springframework.web.multipart.support.StandardServletMultipartResolver', 'jakarta.servlet.MultipartConfigElement' (OnClassCondition)
      - found 'session' scope (OnWebApplicationCondition)
      - @ConditionalOnProperty (spring.servlet.multipart.enabled) matched (OnPropertyCondition)

   MultipartAutoConfiguration#multipartConfigElement matched:
      - @ConditionalOnMissingBean (types: jakarta.servlet.MultipartConfigElement; SearchStrategy: all) did not find any beans (OnBeanCondition)

   MultipartAutoConfiguration#multipartResolver matched:
      - @ConditionalOnMissingBean (types: org.springframework.web.multipart.MultipartResolver; SearchStrategy: all) did not find any beans (OnBeanCondition)

   NamedParameterJdbcTemplateConfiguration matched:
      - @ConditionalOnSingleCandidate (types: org.springframework.jdbc.core.JdbcTemplate; SearchStrategy: all) found a single bean 'jdbcTemplate'; @ConditionalOnMissingBean (types: org.springframework.jdbc.core.namedparam.NamedParameterJdbcOperations; SearchStrategy: all) did not find any beans (OnBeanCondition)

   NoOpCacheConfiguration matched:
      - Cache org.springframework.boot.autoconfigure.cache.NoOpCacheConfiguration automatic cache type (CacheCondition)

   PersistenceExceptionTranslationAutoConfiguration matched:
      - @ConditionalOnClass found required class 'org.springframework.dao.annotation.PersistenceExceptionTranslationPostProcessor' (OnClassCondition)

   PersistenceExceptionTranslationAutoConfiguration#persistenceExceptionTranslationPostProcessor matched:
      - @ConditionalOnProperty (spring.dao.exceptiontranslation.enabled) matched (OnPropertyCondition)
      - @ConditionalOnMissingBean (types: org.springframework.dao.annotation.PersistenceExceptionTranslationPostProcessor; SearchStrategy: all) did not find any beans (OnBeanCondition)

   PropertyPlaceholderAutoConfiguration#propertySourcesPlaceholderConfigurer matched:
      - @ConditionalOnMissingBean (types: org.springframework.context.support.PropertySourcesPlaceholderConfigurer; SearchStrategy: current) did not find any beans (OnBeanCondition)

   RestClientAutoConfiguration matched:
      - @ConditionalOnClass found required class 'org.springframework.web.client.RestClient' (OnClassCondition)
      - NoneNestedConditions 0 matched 1 did not; NestedCondition on NotReactiveWebApplicationCondition.ReactiveWebApplication did not find reactive web application classes (NotReactiveWebApplicationCondition)

   RestClientAutoConfiguration#httpMessageConvertersRestClientCustomizer matched:
      - @ConditionalOnMissingBean (types: org.springframework.boot.autoconfigure.web.client.HttpMessageConvertersRestClientCustomizer; SearchStrategy: all) did not find any beans (OnBeanCondition)

   RestClientAutoConfiguration#restClientBuilder matched:
      - @ConditionalOnMissingBean (types: org.springframework.web.client.RestClient$Builder; SearchStrategy: all) did not find any beans (OnBeanCondition)

   RestClientAutoConfiguration#restClientBuilderConfigurer matched:
      - @ConditionalOnMissingBean (types: org.springframework.boot.autoconfigure.web.client.RestClientBuilderConfigurer; SearchStrategy: all) did not find any beans (OnBeanCondition)

   RestClientAutoConfiguration#restClientSsl matched:
      - @ConditionalOnBean (types: org.springframework.boot.ssl.SslBundles; SearchStrategy: all) found bean 'sslBundleRegistry'; @ConditionalOnMissingBean (types: org.springframework.boot.autoconfigure.web.client.RestClientSsl; SearchStrategy: all) did not find any beans (OnBeanCondition)

   RestTemplateAutoConfiguration matched:
      - @ConditionalOnClass found required class 'org.springframework.web.client.RestTemplate' (OnClassCondition)
      - NoneNestedConditions 0 matched 1 did not; NestedCondition on NotReactiveWebApplicationCondition.ReactiveWebApplication did not find reactive web application classes (NotReactiveWebApplicationCondition)

   RestTemplateAutoConfiguration#restTemplateBuilder matched:
      - @ConditionalOnMissingBean (types: org.springframework.boot.web.client.RestTemplateBuilder; SearchStrategy: all) did not find any beans (OnBeanCondition)

   ServletWebServerFactoryAutoConfiguration matched:
      - @ConditionalOnClass found required class 'jakarta.servlet.ServletRequest' (OnClassCondition)
      - found 'session' scope (OnWebApplicationCondition)

   ServletWebServerFactoryAutoConfiguration#tomcatServletWebServerFactoryCustomizer matched:
      - @ConditionalOnClass found required class 'org.apache.catalina.startup.Tomcat' (OnClassCondition)

   ServletWebServerFactoryConfiguration.EmbeddedTomcat matched:
      - @ConditionalOnClass found required classes 'jakarta.servlet.Servlet', 'org.apache.catalina.startup.Tomcat', 'org.apache.coyote.UpgradeProtocol' (OnClassCondition)
      - @ConditionalOnMissingBean (types: org.springframework.boot.web.servlet.server.ServletWebServerFactory; SearchStrategy: current) did not find any beans (OnBeanCondition)

   SimpleCacheConfiguration matched:
      - Cache org.springframework.boot.autoconfigure.cache.SimpleCacheConfiguration automatic cache type (CacheCondition)

   SpringDataWebAutoConfiguration matched:
      - @ConditionalOnClass found required classes 'org.springframework.data.web.PageableHandlerMethodArgumentResolver', 'org.springframework.web.servlet.config.annotation.WebMvcConfigurer' (OnClassCondition)
      - found 'session' scope (OnWebApplicationCondition)
      - @ConditionalOnMissingBean (types: org.springframework.data.web.PageableHandlerMethodArgumentResolver; SearchStrategy: all) did not find any beans (OnBeanCondition)

   SpringDataWebAutoConfiguration#pageableCustomizer matched:
      - @ConditionalOnMissingBean (types: org.springframework.data.web.config.PageableHandlerMethodArgumentResolverCustomizer; SearchStrategy: all) did not find any beans (OnBeanCondition)

   SpringDataWebAutoConfiguration#sortCustomizer matched:
      - @ConditionalOnMissingBean (types: org.springframework.data.web.config.SortHandlerMethodArgumentResolverCustomizer; SearchStrategy: all) did not find any beans (OnBeanCondition)

   SqlInitializationAutoConfiguration matched:
      - @ConditionalOnProperty (spring.sql.init.enabled) matched (OnPropertyCondition)
      - NoneNestedConditions 0 matched 1 did not; NestedCondition on SqlInitializationAutoConfiguration.SqlInitializationModeCondition.ModeIsNever @ConditionalOnProperty (spring.sql.init.mode=never) did not find property 'mode' (SqlInitializationAutoConfiguration.SqlInitializationModeCondition)

   SslAutoConfiguration#sslBundleRegistry matched:
      - @ConditionalOnMissingBean (types: org.springframework.boot.ssl.SslBundleRegistry,org.springframework.boot.ssl.SslBundles; SearchStrategy: all) did not find any beans (OnBeanCondition)

   TaskExecutionAutoConfiguration matched:
      - @ConditionalOnClass found required class 'org.springframework.scheduling.concurrent.ThreadPoolTaskExecutor' (OnClassCondition)

   TaskExecutorConfigurations.SimpleAsyncTaskExecutorBuilderConfiguration#simpleAsyncTaskExecutorBuilder matched:
      - @ConditionalOnMissingBean (types: org.springframework.boot.task.SimpleAsyncTaskExecutorBuilder; SearchStrategy: all) did not find any beans (OnBeanCondition)
      - @ConditionalOnThreading found PLATFORM (OnThreadingCondition)

   TaskExecutorConfigurations.TaskExecutorBuilderConfiguration#taskExecutorBuilder matched:
      - @ConditionalOnMissingBean (types: org.springframework.boot.task.TaskExecutorBuilder; SearchStrategy: all) did not find any beans (OnBeanCondition)

   TaskExecutorConfigurations.TaskExecutorConfiguration matched:
      - @ConditionalOnMissingBean (types: java.util.concurrent.Executor; SearchStrategy: all) did not find any beans (OnBeanCondition)

   TaskExecutorConfigurations.TaskExecutorConfiguration#applicationTaskExecutor matched:
      - @ConditionalOnThreading found PLATFORM (OnThreadingCondition)

   TaskExecutorConfigurations.ThreadPoolTaskExecutorBuilderConfiguration#threadPoolTaskExecutorBuilder matched:
      - @ConditionalOnMissingBean (types: org.springframework.boot.task.TaskExecutorBuilder,org.springframework.boot.task.ThreadPoolTaskExecutorBuilder; SearchStrategy: all) did not find any beans (OnBeanCondition)

   TaskSchedulingAutoConfiguration matched:
      - @ConditionalOnClass found required class 'org.springframework.scheduling.concurrent.ThreadPoolTaskScheduler' (OnClassCondition)

   TaskSchedulingConfigurations.SimpleAsyncTaskSchedulerBuilderConfiguration#simpleAsyncTaskSchedulerBuilder matched:
      - @ConditionalOnMissingBean (types: org.springframework.boot.task.SimpleAsyncTaskSchedulerBuilder; SearchStrategy: all) did not find any beans (OnBeanCondition)
      - @ConditionalOnThreading found PLATFORM (OnThreadingCondition)

   TaskSchedulingConfigurations.TaskSchedulerBuilderConfiguration#taskSchedulerBuilder matched:
      - @ConditionalOnMissingBean (types: org.springframework.boot.task.TaskSchedulerBuilder; SearchStrategy: all) did not find any beans (OnBeanCondition)

   TaskSchedulingConfigurations.ThreadPoolTaskSchedulerBuilderConfiguration#threadPoolTaskSchedulerBuilder matched:
      - @ConditionalOnMissingBean (types: org.springframework.boot.task.TaskSchedulerBuilder,org.springframework.boot.task.ThreadPoolTaskSchedulerBuilder; SearchStrategy: all) did not find any beans (OnBeanCondition)

   TransactionAutoConfiguration matched:
      - @ConditionalOnClass found required class 'org.springframework.transaction.PlatformTransactionManager' (OnClassCondition)

   TransactionAutoConfiguration.EnableTransactionManagementConfiguration matched:
      - @ConditionalOnBean (types: org.springframework.transaction.TransactionManager; SearchStrategy: all) found bean 'transactionManager'; @ConditionalOnMissingBean (types: org.springframework.transaction.annotation.AbstractTransactionManagementConfiguration; SearchStrategy: all) did not find any beans (OnBeanCondition)

   TransactionAutoConfiguration.EnableTransactionManagementConfiguration.CglibAutoProxyConfiguration matched:
      - @ConditionalOnProperty (spring.aop.proxy-target-class=true) matched (OnPropertyCondition)

   TransactionAutoConfiguration.TransactionTemplateConfiguration matched:
      - @ConditionalOnSingleCandidate (types: org.springframework.transaction.PlatformTransactionManager; SearchStrategy: all) found a single bean 'transactionManager' (OnBeanCondition)

   TransactionAutoConfiguration.TransactionTemplateConfiguration#transactionTemplate matched:
      - @ConditionalOnMissingBean (types: org.springframework.transaction.support.TransactionOperations; SearchStrategy: all) did not find any beans (OnBeanCondition)

   TransactionManagerCustomizationAutoConfiguration matched:
      - @ConditionalOnClass found required class 'org.springframework.transaction.PlatformTransactionManager' (OnClassCondition)

   TransactionManagerCustomizationAutoConfiguration#platformTransactionManagerCustomizers matched:
      - @ConditionalOnMissingBean (types: org.springframework.boot.autoconfigure.transaction.TransactionManagerCustomizers; SearchStrategy: all) did not find any beans (OnBeanCondition)

   ValidationAutoConfiguration matched:
      - @ConditionalOnClass found required class 'jakarta.validation.executable.ExecutableValidator' (OnClassCondition)
      - @ConditionalOnResource found location classpath:META-INF/services/jakarta.validation.spi.ValidationProvider (OnResourceCondition)

   ValidationAutoConfiguration#defaultValidator matched:
      - @ConditionalOnMissingBean (types: jakarta.validation.Validator; SearchStrategy: all) did not find any beans (OnBeanCondition)

   ValidationAutoConfiguration#methodValidationPostProcessor matched:
      - @ConditionalOnMissingBean (types: org.springframework.validation.beanvalidation.MethodValidationPostProcessor; SearchStrategy: current) did not find any beans (OnBeanCondition)

   WebMvcAutoConfiguration matched:
      - @ConditionalOnClass found required classes 'jakarta.servlet.Servlet', 'org.springframework.web.servlet.DispatcherServlet', 'org.springframework.web.servlet.config.annotation.WebMvcConfigurer' (OnClassCondition)
      - found 'session' scope (OnWebApplicationCondition)
      - @ConditionalOnMissingBean (types: org.springframework.web.servlet.config.annotation.WebMvcConfigurationSupport; SearchStrategy: all) did not find any beans (OnBeanCondition)

   WebMvcAutoConfiguration#formContentFilter matched:
      - @ConditionalOnProperty (spring.mvc.formcontent.filter.enabled) matched (OnPropertyCondition)
      - @ConditionalOnMissingBean (types: org.springframework.web.filter.FormContentFilter; SearchStrategy: all) did not find any beans (OnBeanCondition)

   WebMvcAutoConfiguration.EnableWebMvcConfiguration#flashMapManager matched:
      - @ConditionalOnMissingBean (names: flashMapManager; SearchStrategy: all) did not find any beans (OnBeanCondition)

   WebMvcAutoConfiguration.EnableWebMvcConfiguration#localeResolver matched:
      - @ConditionalOnMissingBean (names: localeResolver; SearchStrategy: all) did not find any beans (OnBeanCondition)

   WebMvcAutoConfiguration.EnableWebMvcConfiguration#themeResolver matched:
      - @ConditionalOnMissingBean (names: themeResolver; SearchStrategy: all) did not find any beans (OnBeanCondition)

   WebMvcAutoConfiguration.WebMvcAutoConfigurationAdapter#defaultViewResolver matched:
      - @ConditionalOnMissingBean (types: org.springframework.web.servlet.view.InternalResourceViewResolver; SearchStrategy: all) did not find any beans (OnBeanCondition)

   WebMvcAutoConfiguration.WebMvcAutoConfigurationAdapter#requestContextFilter matched:
      - @ConditionalOnMissingBean (types: org.springframework.web.context.request.RequestContextListener,org.springframework.web.filter.RequestContextFilter; SearchStrategy: all) did not find any beans (OnBeanCondition)

   WebMvcAutoConfiguration.WebMvcAutoConfigurationAdapter#viewResolver matched:
      - @ConditionalOnBean (types: org.springframework.web.servlet.ViewResolver; SearchStrategy: all) found beans 'defaultViewResolver', 'beanNameViewResolver', 'mvcViewResolver'; @ConditionalOnMissingBean (names: viewResolver types: org.springframework.web.servlet.view.ContentNegotiatingViewResolver; SearchStrategy: all) did not find any beans (OnBeanCondition)

   WebSocketServletAutoConfiguration matched:
      - @ConditionalOnClass found required classes 'jakarta.servlet.Servlet', 'jakarta.websocket.server.ServerContainer' (OnClassCondition)
      - found 'session' scope (OnWebApplicationCondition)

   WebSocketServletAutoConfiguration.TomcatWebSocketConfiguration matched:
      - @ConditionalOnClass found required classes 'org.apache.catalina.startup.Tomcat', 'org.apache.tomcat.websocket.server.WsSci' (OnClassCondition)

   WebSocketServletAutoConfiguration.TomcatWebSocketConfiguration#websocketServletWebServerCustomizer matched:
      - @ConditionalOnMissingBean (names: websocketServletWebServerCustomizer; SearchStrategy: all) did not find any beans (OnBeanCondition)


Negative matches:
-----------------

   ActiveMQAutoConfiguration:
      Did not match:
         - @ConditionalOnClass did not find required class 'jakarta.jms.ConnectionFactory' (OnClassCondition)

   AopAutoConfiguration.AspectJAutoProxyingConfiguration.JdkDynamicAutoProxyConfiguration:
      Did not match:
         - @ConditionalOnProperty (spring.aop.proxy-target-class=false) did not find property 'proxy-target-class' (OnPropertyCondition)

   AopAutoConfiguration.ClassProxyingConfiguration:
      Did not match:
         - @ConditionalOnMissingClass found unwanted class 'org.aspectj.weaver.Advice' (OnClassCondition)

   ArtemisAutoConfiguration:
      Did not match:
         - @ConditionalOnClass did not find required class 'jakarta.jms.ConnectionFactory' (OnClassCondition)

   BatchAutoConfiguration:
      Did not match:
         - @ConditionalOnClass did not find required class 'org.springframework.batch.core.launch.JobLauncher' (OnClassCondition)

   Cache2kCacheConfiguration:
      Did not match:
         - @ConditionalOnClass did not find required class 'org.cache2k.Cache2kBuilder' (OnClassCondition)

   CacheAutoConfiguration:
      Did not match:
         - @ConditionalOnBean (types: org.springframework.cache.interceptor.CacheAspectSupport; SearchStrategy: all) did not find any beans of type org.springframework.cache.interceptor.CacheAspectSupport (OnBeanCondition)
      Matched:
         - @ConditionalOnClass found required class 'org.springframework.cache.CacheManager' (OnClassCondition)

   CacheAutoConfiguration.CacheManagerEntityManagerFactoryDependsOnPostProcessor:
      Did not match:
         - Ancestor org.springframework.boot.autoconfigure.cache.CacheAutoConfiguration did not match (ConditionEvaluationReport.AncestorsMatchedCondition)
      Matched:
         - @ConditionalOnClass found required class 'org.springframework.orm.jpa.LocalContainerEntityManagerFactoryBean' (OnClassCondition)

   CaffeineCacheConfiguration:
      Did not match:
         - @ConditionalOnClass did not find required class 'com.github.benmanes.caffeine.cache.Caffeine' (OnClassCondition)

   CassandraAutoConfiguration:
      Did not match:
         - @ConditionalOnClass did not find required class 'com.datastax.oss.driver.api.core.CqlSession' (OnClassCondition)

   CassandraDataAutoConfiguration:
      Did not match:
         - @ConditionalOnClass did not find required class 'com.datastax.oss.driver.api.core.CqlSession' (OnClassCondition)

   CassandraReactiveDataAutoConfiguration:
      Did not match:
         - @ConditionalOnClass did not find required class 'com.datastax.oss.driver.api.core.CqlSession' (OnClassCondition)

   CassandraReactiveRepositoriesAutoConfiguration:
      Did not match:
         - @ConditionalOnClass did not find required class 'org.springframework.data.cassandra.ReactiveSession' (OnClassCondition)

   CassandraRepositoriesAutoConfiguration:
      Did not match:
         - @ConditionalOnClass did not find required class 'com.datastax.oss.driver.api.core.CqlSession' (OnClassCondition)

   ClientHttpConnectorAutoConfiguration:
      Did not match:
         - @ConditionalOnClass did not find required class 'org.springframework.web.reactive.function.client.WebClient' (OnClassCondition)

   CodecsAutoConfiguration:
      Did not match:
         - @ConditionalOnClass did not find required class 'org.springframework.web.reactive.function.client.WebClient' (OnClassCondition)

   CouchbaseAutoConfiguration:
      Did not match:
         - @ConditionalOnClass did not find required class 'com.couchbase.client.java.Cluster' (OnClassCondition)

   CouchbaseCacheConfiguration:
      Did not match:
         - @ConditionalOnClass did not find required class 'com.couchbase.client.java.Cluster' (OnClassCondition)

   CouchbaseDataAutoConfiguration:
      Did not match:
         - @ConditionalOnClass did not find required class 'com.couchbase.client.java.Bucket' (OnClassCondition)

   CouchbaseReactiveDataAutoConfiguration:
      Did not match:
         - @ConditionalOnClass did not find required class 'com.couchbase.client.java.Cluster' (OnClassCondition)

   CouchbaseReactiveRepositoriesAutoConfiguration:
      Did not match:
         - @ConditionalOnClass did not find required class 'com.couchbase.client.java.Cluster' (OnClassCondition)

   CouchbaseRepositoriesAutoConfiguration:
      Did not match:
         - @ConditionalOnClass did not find required class 'com.couchbase.client.java.Bucket' (OnClassCondition)

   DataSourceAutoConfiguration.EmbeddedDatabaseConfiguration:
      Did not match:
         - EmbeddedDataSource spring.datasource.url is set (DataSourceAutoConfiguration.EmbeddedDatabaseCondition)

   DataSourceCheckpointRestoreConfiguration:
      Did not match:
         - @ConditionalOnClass did not find required class 'org.crac.Resource' (OnClassCondition)

   DataSourceConfiguration.Dbcp2:
      Did not match:
         - @ConditionalOnClass did not find required class 'org.apache.commons.dbcp2.BasicDataSource' (OnClassCondition)

   DataSourceConfiguration.Generic:
      Did not match:
         - @ConditionalOnProperty (spring.datasource.type) did not find property 'spring.datasource.type' (OnPropertyCondition)

   DataSourceConfiguration.OracleUcp:
      Did not match:
         - @ConditionalOnClass did not find required classes 'oracle.ucp.jdbc.PoolDataSourceImpl', 'oracle.jdbc.OracleConnection' (OnClassCondition)

   DataSourceConfiguration.Tomcat:
      Did not match:
         - @ConditionalOnClass did not find required class 'org.apache.tomcat.jdbc.pool.DataSource' (OnClassCondition)

   DataSourceJmxConfiguration:
      Did not match:
         - @ConditionalOnProperty (spring.jmx.enabled=true) found different value in property 'enabled' (OnPropertyCondition)

   DataSourcePoolMetadataProvidersConfiguration.CommonsDbcp2PoolDataSourceMetadataProviderConfiguration:
      Did not match:
         - @ConditionalOnClass did not find required class 'org.apache.commons.dbcp2.BasicDataSource' (OnClassCondition)

   DataSourcePoolMetadataProvidersConfiguration.OracleUcpPoolDataSourceMetadataProviderConfiguration:
      Did not match:
         - @ConditionalOnClass did not find required classes 'oracle.ucp.jdbc.PoolDataSource', 'oracle.jdbc.OracleConnection' (OnClassCondition)

   DataSourcePoolMetadataProvidersConfiguration.TomcatDataSourcePoolMetadataProviderConfiguration:
      Did not match:
         - @ConditionalOnClass did not find required class 'org.apache.tomcat.jdbc.pool.DataSource' (OnClassCondition)

   DataSourceTransactionManagerAutoConfiguration.JdbcTransactionManagerConfiguration#transactionManager:
      Did not match:
         - @ConditionalOnMissingBean (types: org.springframework.transaction.TransactionManager; SearchStrategy: all) found beans of type 'org.springframework.transaction.TransactionManager' transactionManager (OnBeanCondition)

   DispatcherServletAutoConfiguration.DispatcherServletConfiguration#multipartResolver:
      Did not match:
         - @ConditionalOnBean (types: org.springframework.web.multipart.MultipartResolver; SearchStrategy: all) did not find any beans of type org.springframework.web.multipart.MultipartResolver (OnBeanCondition)

   ElasticsearchClientAutoConfiguration:
      Did not match:
         - @ConditionalOnClass did not find required class 'co.elastic.clients.elasticsearch.ElasticsearchClient' (OnClassCondition)

   ElasticsearchDataAutoConfiguration:
      Did not match:
         - @ConditionalOnClass did not find required class 'org.springframework.data.elasticsearch.client.elc.ElasticsearchTemplate' (OnClassCondition)

   ElasticsearchRepositoriesAutoConfiguration:
      Did not match:
         - @ConditionalOnClass did not find required class 'org.springframework.data.elasticsearch.repository.ElasticsearchRepository' (OnClassCondition)

   ElasticsearchRestClientAutoConfiguration:
      Did not match:
         - @ConditionalOnClass did not find required class 'org.elasticsearch.client.RestClientBuilder' (OnClassCondition)

   EmbeddedLdapAutoConfiguration:
      Did not match:
         - @ConditionalOnClass did not find required class 'com.unboundid.ldap.listener.InMemoryDirectoryServer' (OnClassCondition)

   EmbeddedWebServerFactoryCustomizerAutoConfiguration:
      Did not match:
         - Application is deployed as a WAR file. (OnWarDeploymentCondition)
      Matched:
         - @ConditionalOnWebApplication (required) found 'session' scope (OnWebApplicationCondition)

   ErrorWebFluxAutoConfiguration:
      Did not match:
         - @ConditionalOnClass did not find required class 'org.springframework.web.reactive.config.WebFluxConfigurer' (OnClassCondition)

   FlywayAutoConfiguration:
      Did not match:
         - @ConditionalOnClass did not find required class 'org.flywaydb.core.Flyway' (OnClassCondition)

   FreeMarkerAutoConfiguration:
      Did not match:
         - @ConditionalOnClass did not find required class 'freemarker.template.Configuration' (OnClassCondition)

   GraphQlAutoConfiguration:
      Did not match:
         - @ConditionalOnClass did not find required class 'graphql.GraphQL' (OnClassCondition)

   GraphQlQueryByExampleAutoConfiguration:
      Did not match:
         - @ConditionalOnClass did not find required class 'graphql.GraphQL' (OnClassCondition)

[...]
      Did not match:
         - @ConditionalOnClass did not find required class 'org.springframework.ldap.core.ContextSource' (OnClassCondition)

   LdapRepositoriesAutoConfiguration:
      Did not match:
         - @ConditionalOnClass did not find required class 'org.springframework.data.ldap.repository.LdapRepository' (OnClassCondition)

   LiquibaseAutoConfiguration:
      Did not match:
         - @ConditionalOnClass did not find required class 'liquibase.change.DatabaseChange' (OnClassCondition)

   MailSenderJndiConfiguration:
      Did not match:
         - @ConditionalOnProperty (spring.mail.jndi-name) did not find property 'jndi-name' (OnPropertyCondition)
      Matched:
         - @ConditionalOnClass found required class 'jakarta.mail.Session' (OnClassCondition)

   MailSenderValidatorAutoConfiguration:
      Did not match:
         - @ConditionalOnProperty (spring.mail.test-connection) did not find property 'test-connection' (OnPropertyCondition)

   MessageSourceAutoConfiguration:
      Did not match:
         - ResourceBundle did not find bundle with basename messages (MessageSourceAutoConfiguration.ResourceBundleCondition)

   MongoAutoConfiguration:
      Did not match:
         - @ConditionalOnClass did not find required class 'com.mongodb.client.MongoClient' (OnClassCondition)

   MongoDataAutoConfiguration:
      Did not match:
         - @ConditionalOnClass did not find required class 'com.mongodb.client.MongoClient' (OnClassCondition)

   MongoReactiveAutoConfiguration:
      Did not match:
         - @ConditionalOnClass did not find required class 'com.mongodb.reactivestreams.client.MongoClient' (OnClassCondition)

   MongoReactiveDataAutoConfiguration:
      Did not match:
         - @ConditionalOnClass did not find required class 'com.mongodb.reactivestreams.client.MongoClient' (OnClassCondition)

   MongoReactiveRepositoriesAutoConfiguration:
      Did not match:
         - @ConditionalOnClass did not find required class 'com.mongodb.reactivestreams.client.MongoClient' (OnClassCondition)

   MongoRepositoriesAutoConfiguration:
      Did not match:
         - @ConditionalOnClass did not find required class 'com.mongodb.client.MongoClient' (OnClassCondition)

   MustacheAutoConfiguration:
      Did not match:
         - @ConditionalOnClass did not find required class 'com.samskivert.mustache.Mustache' (OnClassCondition)

   Neo4jAutoConfiguration:
      Did not match:
         - @ConditionalOnClass did not find required class 'org.neo4j.driver.Driver' (OnClassCondition)

   Neo4jDataAutoConfiguration:
      Did not match:
         - @ConditionalOnClass did not find required class 'org.neo4j.driver.Driver' (OnClassCondition)

   Neo4jReactiveDataAutoConfiguration:
      Did not match:
         - @ConditionalOnClass did not find required class 'org.neo4j.driver.Driver' (OnClassCondition)

   Neo4jReactiveRepositoriesAutoConfiguration:
      Did not match:
         - @ConditionalOnClass did not find required class 'org.neo4j.driver.Driver' (OnClassCondition)

   Neo4jRepositoriesAutoConfiguration:
      Did not match:
         - @ConditionalOnClass did not find required class 'org.neo4j.driver.Driver' (OnClassCondition)

   NettyAutoConfiguration:
      Did not match:
         - @ConditionalOnClass did not find required class 'io.netty.util.NettyRuntime' (OnClassCondition)

   OAuth2AuthorizationServerAutoConfiguration:
      Did not match:
         - @ConditionalOnClass did not find required class 'org.springframework.security.oauth2.server.authorization.OAuth2Authorization' (OnClassCondition)

   OAuth2AuthorizationServerJwtAutoConfiguration:
      Did not match:
         - @ConditionalOnClass did not find required class 'org.springframework.security.oauth2.server.authorization.OAuth2Authorization' (OnClassCondition)

   OAuth2ClientAutoConfiguration:
      Did not match:
         - @ConditionalOnClass did not find required class 'org.springframework.security.config.annotation.web.configuration.EnableWebSecurity' (OnClassCondition)

   OAuth2ResourceServerAutoConfiguration:
      Did not match:
         - @ConditionalOnClass did not find required class 'org.springframework.security.oauth2.server.resource.authentication.BearerTokenAuthenticationToken' (OnClassCondition)

   ProjectInfoAutoConfiguration#buildProperties:
      Did not match:
         - @ConditionalOnResource did not find resource '${spring.info.build.location:classpath:META-INF/build-info.properties}' (OnResourceCondition)

   ProjectInfoAutoConfiguration#gitProperties:
      Did not match:
         - GitResource did not find git info at classpath:git.properties (ProjectInfoAutoConfiguration.GitResourceAvailableCondition)

   PulsarAutoConfiguration:
      Did not match:
         - @ConditionalOnClass did not find required class 'org.apache.pulsar.client.api.PulsarClient' (OnClassCondition)

   PulsarReactiveAutoConfiguration:
      Did not match:
         - @ConditionalOnClass did not find required class 'org.apache.pulsar.client.api.PulsarClient' (OnClassCondition)

   QuartzAutoConfiguration:
      Did not match:
         - @ConditionalOnClass did not find required class 'org.quartz.Scheduler' (OnClassCondition)

   R2dbcAutoConfiguration:
      Did not match:
         - @ConditionalOnClass did not find required class 'io.r2dbc.spi.ConnectionFactory' (OnClassCondition)

   R2dbcDataAutoConfiguration:
      Did not match:
         - @ConditionalOnClass did not find required class 'org.springframework.data.r2dbc.core.R2dbcEntityTemplate' (OnClassCondition)

   R2dbcInitializationConfiguration:
      Did not match:
         - @ConditionalOnClass did not find required classes 'io.r2dbc.spi.ConnectionFactory', 'org.springframework.r2dbc.connection.init.DatabasePopulator' (OnClassCondition)

   R2dbcRepositoriesAutoConfiguration:
      Did not match:
         - @ConditionalOnClass did not find required class 'io.r2dbc.spi.ConnectionFactory' (OnClassCondition)

   R2dbcTransactionManagerAutoConfiguration:
      Did not match:
         - @ConditionalOnClass did not find required class 'org.springframework.r2dbc.connection.R2dbcTransactionManager' (OnClassCondition)

   RSocketGraphQlClientAutoConfiguration:
      Did not match:
         - @ConditionalOnClass did not find required class 'graphql.GraphQL' (OnClassCondition)

   RSocketMessagingAutoConfiguration:
      Did not match:
         - @ConditionalOnClass did not find required class 'io.rsocket.RSocket' (OnClassCondition)

   RSocketRequesterAutoConfiguration:
      Did not match:
         - @ConditionalOnClass did not find required class 'io.rsocket.RSocket' (OnClassCondition)

   RSocketSecurityAutoConfiguration:
      Did not match:
         - @ConditionalOnClass did not find required class 'org.springframework.security.rsocket.core.SecuritySocketAcceptorInterceptor' (OnClassCondition)

   RSocketServerAutoConfiguration:
      Did not match:
         - @ConditionalOnClass did not find required class 'io.rsocket.core.RSocketServer' (OnClassCondition)

   RSocketStrategiesAutoConfiguration:
      Did not match:
         - @ConditionalOnClass did not find required class 'io.netty.buffer.PooledByteBufAllocator' (OnClassCondition)

   RabbitAutoConfiguration:
      Did not match:
         - @ConditionalOnClass did not find required class 'com.rabbitmq.client.Channel' (OnClassCondition)

   ReactiveElasticsearchClientAutoConfiguration:
      Did not match:
         - @ConditionalOnClass did not find required class 'co.elastic.clients.transport.ElasticsearchTransport' (OnClassCondition)

   ReactiveElasticsearchRepositoriesAutoConfiguration:
      Did not match:
         - @ConditionalOnClass did not find required class 'reactor.core.publisher.Mono' (OnClassCondition)

   ReactiveMultipartAutoConfiguration:
      Did not match:
         - @ConditionalOnClass did not find required class 'org.springframework.web.reactive.config.WebFluxConfigurer' (OnClassCondition)

   ReactiveOAuth2ClientAutoConfiguration:
      Did not match:
         - @ConditionalOnClass did not find required class 'reactor.core.publisher.Flux' (OnClassCondition)

   ReactiveOAuth2ResourceServerAutoConfiguration:
      Did not match:
         - @ConditionalOnClass did not find required class 'org.springframework.security.config.annotation.web.reactive.EnableWebFluxSecurity' (OnClassCondition)

   ReactiveSecurityAutoConfiguration:
      Did not match:
         - @ConditionalOnClass did not find required class 'reactor.core.publisher.Flux' (OnClassCondition)

   ReactiveUserDetailsServiceAutoConfiguration:
      Did not match:
         - @ConditionalOnClass did not find required class 'org.springframework.security.authentication.ReactiveAuthenticationManager' (OnClassCondition)

   ReactiveWebServerFactoryAutoConfiguration:
      Did not match:
         - @ConditionalOnWebApplication did not find reactive web application classes (OnWebApplicationCondition)

   ReactorAutoConfiguration:
      Did not match:
         - @ConditionalOnClass did not find required class 'reactor.core.publisher.Hooks' (OnClassCondition)

   RedisAutoConfiguration:
      Did not match:
         - @ConditionalOnClass did not find required class 'org.springframework.data.redis.core.RedisOperations' (OnClassCondition)

   RedisCacheConfiguration:
      Did not match:
         - @ConditionalOnClass did not find required class 'org.springframework.data.redis.connection.RedisConnectionFactory' (OnClassCondition)

   RedisReactiveAutoConfiguration:
      Did not match:
         - @ConditionalOnClass did not find required class 'reactor.core.publisher.Flux' (OnClassCondition)

   RedisRepositoriesAutoConfiguration:
      Did not match:
         - @ConditionalOnClass did not find required class 'org.springframework.data.redis.repository.configuration.EnableRedisRepositories' (OnClassCondition)

   RepositoryRestMvcAutoConfiguration:
      Did not match:
         - @ConditionalOnClass did not find required class 'org.springframework.data.rest.webmvc.config.RepositoryRestMvcConfiguration' (OnClassCondition)

   Saml2RelyingPartyAutoConfiguration:
      Did not match:
         - @ConditionalOnClass did not find required class 'org.springframework.security.saml2.provider.service.registration.RelyingPartyRegistrationRepository' (OnClassCondition)

   SecurityAutoConfiguration:
      Did not match:
         - @ConditionalOnClass did not find required class 'org.springframework.security.authentication.DefaultAuthenticationEventPublisher' (OnClassCondition)

   SecurityFilterAutoConfiguration:
      Did not match:
         - @ConditionalOnClass did not find required class 'org.springframework.security.config.http.SessionCreationPolicy' (OnClassCondition)

   SendGridAutoConfiguration:
      Did not match:
         - @ConditionalOnClass did not find required class 'com.sendgrid.SendGrid' (OnClassCondition)

   ServletWebServerFactoryAutoConfiguration.ForwardedHeaderFilterConfiguration:
      Did not match:
         - @ConditionalOnProperty (server.forward-headers-strategy=framework) did not find property 'server.forward-headers-strategy' (OnPropertyCondition)

   ServletWebServerFactoryConfiguration.EmbeddedJetty:
      Did not match:
         - @ConditionalOnClass did not find required classes 'org.eclipse.jetty.server.Server', 'org.eclipse.jetty.util.Loader', 'org.eclipse.jetty.ee10.webapp.WebAppContext' (OnClassCondition)

   ServletWebServerFactoryConfiguration.EmbeddedUndertow:
      Did not match:
         - @ConditionalOnClass did not find required classes 'io.undertow.Undertow', 'org.xnio.SslClientAuthMode' (OnClassCondition)

   SessionAutoConfiguration:
      Did not match:
         - @ConditionalOnClass did not find required class 'org.springframework.session.Session' (OnClassCondition)

   SpringApplicationAdminJmxAutoConfiguration:
      Did not match:
         - @ConditionalOnProperty (spring.application.admin.enabled=true) did not find property 'enabled' (OnPropertyCondition)

   TaskExecutorConfigurations.SimpleAsyncTaskExecutorBuilderConfiguration#simpleAsyncTaskExecutorBuilderVirtualThreads:
      Did not match:
         - @ConditionalOnMissingBean (types: org.springframework.boot.task.SimpleAsyncTaskExecutorBuilder; SearchStrategy: all) found beans of type 'org.springframework.boot.task.SimpleAsyncTaskExecutorBuilder' simpleAsyncTaskExecutorBuilder (OnBeanCondition)

   TaskExecutorConfigurations.TaskExecutorConfiguration#applicationTaskExecutorVirtualThreads:
      Did not match:
         - @ConditionalOnThreading did not find VIRTUAL (OnThreadingCondition)

   TaskSchedulingAutoConfiguration#scheduledBeanLazyInitializationExcludeFilter:
      Did not match:
         - @ConditionalOnBean (names: org.springframework.context.annotation.internalScheduledAnnotationProcessor; SearchStrategy: all) did not find any beans named org.springframework.context.annotation.internalScheduledAnnotationProcessor (OnBeanCondition)

   TaskSchedulingConfigurations.SimpleAsyncTaskSchedulerBuilderConfiguration#simpleAsyncTaskSchedulerBuilderVirtualThreads:
      Did not match:
         - @ConditionalOnMissingBean (types: org.springframework.boot.task.SimpleAsyncTaskSchedulerBuilder; SearchStrategy: all) found beans of type 'org.springframework.boot.task.SimpleAsyncTaskSchedulerBuilder' simpleAsyncTaskSchedulerBuilder (OnBeanCondition)

   TaskSchedulingConfigurations.TaskSchedulerConfiguration:
      Did not match:
         - @ConditionalOnBean (names: org.springframework.context.annotation.internalScheduledAnnotationProcessor; SearchStrategy: all) did not find any beans named org.springframework.context.annotation.internalScheduledAnnotationProcessor (OnBeanCondition)

   ThymeleafAutoConfiguration:
      Did not match:
         - @ConditionalOnClass did not find required class 'org.thymeleaf.spring6.SpringTemplateEngine' (OnClassCondition)

   TransactionAutoConfiguration#transactionalOperator:
      Did not match:
         - @ConditionalOnSingleCandidate (types: org.springframework.transaction.ReactiveTransactionManager; SearchStrategy: all) did not find any beans (OnBeanCondition)

   TransactionAutoConfiguration.AspectJTransactionManagementConfiguration:
      Did not match:
         - @ConditionalOnBean (types: org.springframework.transaction.aspectj.AbstractTransactionAspect; SearchStrategy: all) did not find any beans of type org.springframework.transaction.aspectj.AbstractTransactionAspect (OnBeanCondition)

   TransactionAutoConfiguration.EnableTransactionManagementConfiguration.JdkDynamicAutoProxyConfiguration:
      Did not match:
         - @ConditionalOnProperty (spring.aop.proxy-target-class=false) did not find property 'proxy-target-class' (OnPropertyCondition)

   UserDetailsServiceAutoConfiguration:
      Did not match:
         - @ConditionalOnClass did not find required class 'org.springframework.security.authentication.AuthenticationManager' (OnClassCondition)

   WebClientAutoConfiguration:
      Did not match:
         - @ConditionalOnClass did not find required class 'org.springframework.web.reactive.function.client.WebClient' (OnClassCondition)

   WebFluxAutoConfiguration:
      Did not match:
         - @ConditionalOnClass did not find required class 'org.springframework.web.reactive.config.WebFluxConfigurer' (OnClassCondition)

   WebMvcAutoConfiguration#hiddenHttpMethodFilter:
      Did not match:
         - @ConditionalOnProperty (spring.mvc.hiddenmethod.filter.enabled) did not find property 'enabled' (OnPropertyCondition)

   WebMvcAutoConfiguration.ProblemDetailsErrorHandlingConfiguration:
      Did not match:
         - @ConditionalOnProperty (spring.mvc.problemdetails.enabled=true) did not find property 'enabled' (OnPropertyCondition)

   WebMvcAutoConfiguration.ResourceChainCustomizerConfiguration:
      Did not match:
         - @ConditionalOnEnabledResourceChain did not find class org.webjars.WebJarAssetLocator (OnEnabledResourceChainCondition)

   WebMvcAutoConfiguration.WebMvcAutoConfigurationAdapter#beanNameViewResolver:
      Did not match:
         - @ConditionalOnMissingBean (types: org.springframework.web.servlet.view.BeanNameViewResolver; SearchStrategy: all) found beans of type 'org.springframework.web.servlet.view.BeanNameViewResolver' beanNameViewResolver (OnBeanCondition)

   WebServiceTemplateAutoConfiguration:
      Did not match:
         - @ConditionalOnClass did not find required class 'org.springframework.oxm.Marshaller' (OnClassCondition)

   WebServicesAutoConfiguration:
      Did not match:
         - @ConditionalOnClass did not find required class 'org.springframework.ws.transport.http.MessageDispatcherServlet' (OnClassCondition)

   WebSessionIdResolverAutoConfiguration:
      Did not match:
         - @ConditionalOnClass did not find required class 'reactor.core.publisher.Mono' (OnClassCondition)

   WebSocketMessagingAutoConfiguration:
      Did not match:
         - @ConditionalOnClass did not find required class 'org.springframework.web.socket.config.annotation.WebSocketMessageBrokerConfigurer' (OnClassCondition)

   WebSocketReactiveAutoConfiguration:
      Did not match:
         - @ConditionalOnWebApplication did not find reactive web application classes (OnWebApplicationCondition)

   WebSocketServletAutoConfiguration.JettyWebSocketConfiguration:
      Did not match:
         - @ConditionalOnClass did not find required class 'org.eclipse.jetty.ee10.websocket.jakarta.server.config.JakartaWebSocketServletContainerInitializer' (OnClassCondition)

   WebSocketServletAutoConfiguration.UndertowWebSocketConfiguration:
      Did not match:
         - @ConditionalOnClass did not find required class 'io.undertow.websockets.jsr.Bootstrap' (OnClassCondition)

   XADataSourceAutoConfiguration:
      Did not match:
         - @ConditionalOnBean (types: org.springframework.boot.jdbc.XADataSourceWrapper; SearchStrategy: all) did not find any beans of type org.springframework.boot.jdbc.XADataSourceWrapper (OnBeanCondition)
      Matched:
         - @ConditionalOnClass found required classes 'javax.sql.DataSource', 'jakarta.transaction.TransactionManager', 'org.springframework.jdbc.datasource.embedded.EmbeddedDatabaseType' (OnClassCondition)


Exclusions:
-----------

    None


Unconditional classes:
----------------------

    org.springframework.boot.autoconfigure.context.ConfigurationPropertiesAutoConfiguration

    org.springframework.boot.autoconfigure.ssl.SslAutoConfiguration

    org.springframework.boot.autoconfigure.context.LifecycleAutoConfiguration

    org.springframework.boot.autoconfigure.context.PropertyPlaceholderAutoConfiguration

    org.springframework.boot.autoconfigure.availability.ApplicationAvailabilityAutoConfiguration

    org.springframework.boot.autoconfigure.info.ProjectInfoAutoConfiguration



2026-05-31T18:03:02.504+07:00  INFO 21952 --- [backend] [           main] c.l.backend.BackendApplicationTests      : Started BackendApplicationTests in 9.953 seconds (process running for 10.856)
2026-05-31T18:03:02.509+07:00 DEBUG 21952 --- [backend] [           main] o.s.b.a.ApplicationAvailabilityBean      : Application availability state LivenessState changed to CORRECT
LuxeWay: database seeding is disabled. Users must register or sign in with Google.
2026-05-31T18:03:02.518+07:00 DEBUG 21952 --- [backend] [           main] o.s.b.a.ApplicationAvailabilityBean      : Application availability state ReadinessState changed to ACCEPTING_TRAFFIC
]]></system-out>
    <system-err><![CDATA[WARNING: A Java agent has been loaded dynamically (C:\Users\quang\.m2\repository\net\bytebuddy\byte-buddy-agent\1.14.19\byte-buddy-agent-1.14.19.jar)
WARNING: If a serviceability tool is in use, please run with -XX:+EnableDynamicAgentLoading to hide this warning
WARNING: If a serviceability tool is not in use, please run with -Djdk.instrument.traceUsage for more information
WARNING: Dynamic loading of agents will be disallowed by default in a future release
]]></system-err>
  </testcase>
</testsuite>